<?xml version="1.0" encoding="UTF-8"?>
<!-- Generated by org.testng.reporters.JUnitReportReporter -->
<testsuite hostname="DESKTOP-PCI8H3O" failures="0" tests="1" name="com.crm.autodesk.LeadsTest.Tl_17_CreateNewLeadByGivingValidInputToPhoneAndMobileTest" time="18.410" errors="0" timestamp="2021-09-15T20:18:03 IST" skipped="0">
  <testcase classname="com.crm.autodesk.LeadsTest.Tl_17_CreateNewLeadByGivingValidInputToPhoneAndMobileTest" name="createLeadByGivingValidInputToPhoneAndMobile" time="18.410"/>
  <system-out/>
</testsuite> <!-- com.crm.autodesk.LeadsTest.Tl_17_CreateNewLeadByGivingValidInputToPhoneAndMobileTest -->
